<?xml version="1.0" encoding="UTF-8"?>
<!-- Generated by org.testng.reporters.JUnitReportReporter -->
<testsuite hostname="LAPTOP-5LHC257F" failures="0" tests="1" name="FirstPrgm" time="4.958" errors="0" timestamp="2023-06-09T14:22:49 IST" skipped="0">
  <testcase classname="FirstPrgm" name="test" time="4.958"/>
  <system-out/>
</testsuite> <!-- FirstPrgm -->
